{"uuid":"ec0799e3-0f07-4439-bff8-04fe2f735470","name":"com.testvagrant.ekam.testBases.testng.WebTest.ekamWebSetup","children":["ab0a5ce8-be89-42e8-8a3c-d4e704062842"],"description":"","befores":[{"name":"ekamWebSetup","status":"broken","statusDetails":{"known":false,"muted":false,"flaky":false,"message":"Unable to create injector, see the following errors:\n\n1) [Guice/ErrorInCustomProvider]: WebDriverException: Cannot find firefox binary in PATH. Make sure firefox is installed. OS appears to be: MAC\nBuild info: version: '3.141.59', revision: 'e82be7d358', time: '2018-11-14T08:17:03'\nSystem info: host: 'Testvagrants-MacBook-Pro.local', ip: '2405:201:d021:c80c:6185:7d30:9af4:5d47%en0', os.name: 'Mac OS X', os.arch: 'aarch64', os.version: '13.4.1', java.version: '13.0.14'\nDriver info: driver.version: FirefoxDriver\n  while locating WebDriverProvider\n  at WebModule.configure(WebModule.java:11)\n  while locating WebDriver\n\nLearn more:\n  https://github.com/google/guice/wiki/ERROR_IN_CUSTOM_PROVIDER\n\n1 error\n\n======================\nFull classname legend:\n======================\nWebDriver:          \"org.openqa.selenium.WebDriver\"\nWebDriverException: \"org.openqa.selenium.WebDriverException\"\nWebDriverProvider:  \"com.testvagrant.ekam.web.providers.WebDriverProvider\"\nWebModule:          \"com.testvagrant.ekam.web.modules.WebModule\"\n========================\nEnd of classname legend:\n========================\n","trace":"com.google.inject.CreationException: Unable to create injector, see the following errors:\n\n1) [Guice/ErrorInCustomProvider]: WebDriverException: Cannot find firefox binary in PATH. Make sure firefox is installed. OS appears to be: MAC\nBuild info: version: '3.141.59', revision: 'e82be7d358', time: '2018-11-14T08:17:03'\nSystem info: host: 'Testvagrants-MacBook-Pro.local', ip: '2405:201:d021:c80c:6185:7d30:9af4:5d47%en0', os.name: 'Mac OS X', os.arch: 'aarch64', os.version: '13.4.1', java.version: '13.0.14'\nDriver info: driver.version: FirefoxDriver\n  while locating WebDriverProvider\n  at WebModule.configure(WebModule.java:11)\n  while locating WebDriver\n\nLearn more:\n  https://github.com/google/guice/wiki/ERROR_IN_CUSTOM_PROVIDER\n\n1 error\n\n======================\nFull classname legend:\n======================\nWebDriver:          \"org.openqa.selenium.WebDriver\"\nWebDriverException: \"org.openqa.selenium.WebDriverException\"\nWebDriverProvider:  \"com.testvagrant.ekam.web.providers.WebDriverProvider\"\nWebModule:          \"com.testvagrant.ekam.web.modules.WebModule\"\n========================\nEnd of classname legend:\n========================\n\n\tat com.google.inject.internal.Errors.throwCreationExceptionIfErrorsExist(Errors.java:568)\n\tat com.google.inject.internal.InternalInjectorCreator.injectDynamically(InternalInjectorCreator.java:190)\n\tat com.google.inject.internal.InternalInjectorCreator.build(InternalInjectorCreator.java:113)\n\tat com.google.inject.internal.InjectorImpl.createChildInjector(InjectorImpl.java:239)\n\tat com.testvagrant.ekam.internal.injectors.EkamInjector.createInjector(EkamInjector.java:52)\n\tat com.testvagrant.ekam.internal.injectors.EkamWebInjector.create(EkamWebInjector.java:20)\n\tat com.testvagrant.ekam.testBases.testng.WebTest.ekamWebSetup(WebTest.java:39)\n\tat java.base/jdk.internal.reflect.NativeMethodAccessorImpl.invoke0(Native Method)\n\tat java.base/jdk.internal.reflect.NativeMethodAccessorImpl.invoke(NativeMethodAccessorImpl.java:62)\n\tat java.base/jdk.internal.reflect.DelegatingMethodAccessorImpl.invoke(DelegatingMethodAccessorImpl.java:43)\n\tat java.base/java.lang.reflect.Method.invoke(Method.java:567)\n\tat org.testng.internal.MethodInvocationHelper.invokeMethod(MethodInvocationHelper.java:133)\n\tat org.testng.internal.MethodInvocationHelper.invokeMethodConsideringTimeout(MethodInvocationHelper.java:62)\n\tat org.testng.internal.ConfigInvoker.invokeConfigurationMethod(ConfigInvoker.java:385)\n\tat org.testng.internal.ConfigInvoker.invokeConfigurations(ConfigInvoker.java:321)\n\tat org.testng.internal.TestInvoker.runConfigMethods(TestInvoker.java:700)\n\tat org.testng.internal.TestInvoker.invokeMethod(TestInvoker.java:527)\n\tat org.testng.internal.TestInvoker.invokeTestMethod(TestInvoker.java:173)\n\tat org.testng.internal.MethodRunner.runInSequence(MethodRunner.java:46)\n\tat org.testng.internal.TestInvoker$MethodInvocationAgent.invoke(TestInvoker.java:824)\n\tat org.testng.internal.TestInvoker.invokeTestMethods(TestInvoker.java:146)\n\tat org.testng.internal.TestMethodWorker.invokeTestMethods(TestMethodWorker.java:146)\n\tat org.testng.internal.TestMethodWorker.run(TestMethodWorker.java:128)\n\tat java.base/java.util.ArrayList.forEach(ArrayList.java:1508)\n\tat org.testng.TestRunner.privateRun(TestRunner.java:794)\n\tat org.testng.TestRunner.run(TestRunner.java:596)\n\tat org.testng.SuiteRunner.runTest(SuiteRunner.java:377)\n\tat org.testng.SuiteRunner.runSequentially(SuiteRunner.java:371)\n\tat org.testng.SuiteRunner.privateRun(SuiteRunner.java:332)\n\tat org.testng.SuiteRunner.run(SuiteRunner.java:276)\n\tat org.testng.SuiteRunnerWorker.runSuite(SuiteRunnerWorker.java:53)\n\tat org.testng.SuiteRunnerWorker.run(SuiteRunnerWorker.java:96)\n\tat org.testng.TestNG.runSuitesSequentially(TestNG.java:1212)\n\tat org.testng.TestNG.runSuitesLocally(TestNG.java:1134)\n\tat org.testng.TestNG.runSuites(TestNG.java:1063)\n\tat org.testng.TestNG.run(TestNG.java:1031)\n\tat com.intellij.rt.testng.IDEARemoteTestNG.run(IDEARemoteTestNG.java:66)\n\tat com.intellij.rt.testng.RemoteTestNGStarter.main(RemoteTestNGStarter.java:109)\nCaused by: org.openqa.selenium.WebDriverException: Cannot find firefox binary in PATH. Make sure firefox is installed. OS appears to be: MAC\nBuild info: version: '3.141.59', revision: 'e82be7d358', time: '2018-11-14T08:17:03'\nSystem info: host: 'Testvagrants-MacBook-Pro.local', ip: '2405:201:d021:c80c:6185:7d30:9af4:5d47%en0', os.name: 'Mac OS X', os.arch: 'aarch64', os.version: '13.4.1', java.version: '13.0.14'\nDriver info: driver.version: FirefoxDriver\n\tat org.openqa.selenium.firefox.FirefoxBinary.<init>(FirefoxBinary.java:100)\n\tat java.base/java.util.Optional.orElseGet(Optional.java:362)\n\tat org.openqa.selenium.firefox.FirefoxOptions.getBinary(FirefoxOptions.java:216)\n\tat org.openqa.selenium.firefox.FirefoxDriver.toExecutor(FirefoxDriver.java:187)\n\tat org.openqa.selenium.firefox.FirefoxDriver.<init>(FirefoxDriver.java:147)\n\tat com.testvagrant.ekam.drivers.web.FirefoxDriverManager.createDriver(FirefoxDriverManager.java:25)\n\tat com.testvagrant.ekam.drivers.web.LocalDriverManager.createDriver(LocalDriverManager.java:21)\n\tat com.testvagrant.ekam.drivers.web.DriverManager.launchDriver(DriverManager.java:16)\n\tat com.testvagrant.ekam.drivers.web.LocalDriverManager.launchDriver(LocalDriverManager.java:7)\n\tat com.testvagrant.ekam.web.providers.WebDriverProvider.get(WebDriverProvider.java:39)\n\tat com.testvagrant.ekam.web.providers.WebDriverProvider.get(WebDriverProvider.java:27)\n\tat com.google.inject.internal.ProviderInternalFactory.provision(ProviderInternalFactory.java:86)\n\tat com.google.inject.internal.BoundProviderFactory.provision(BoundProviderFactory.java:72)\n\tat com.google.inject.internal.ProviderInternalFactory.circularGet(ProviderInternalFactory.java:60)\n\tat com.google.inject.internal.BoundProviderFactory.get(BoundProviderFactory.java:59)\n\tat com.google.inject.internal.ProviderToInternalFactoryAdapter.get(ProviderToInternalFactoryAdapter.java:40)\n\tat com.google.inject.internal.SingletonScope$1.get(SingletonScope.java:169)\n\tat com.google.inject.internal.InternalFactoryToProviderAdapter.get(InternalFactoryToProviderAdapter.java:45)\n\tat com.google.inject.internal.InternalInjectorCreator.loadEagerSingletons(InternalInjectorCreator.java:213)\n\tat com.google.inject.internal.InternalInjectorCreator.injectDynamically(InternalInjectorCreator.java:186)\n\t... 36 more\n"},"stage":"finished","description":"","steps":[],"attachments":[],"parameters":[],"start":1693997001168,"stop":1693997063707}],"afters":[],"start":1693997001168,"stop":1693997063707}