{"uuid":"f758036b-dbf3-4828-bb85-95cefa7e07ea","name":"com.testvagrant.ekam.testBases.testng.WebTest.ekamWebSetup","children":["d3ee3d02-3c2d-4f32-8340-7e1a8d4d5479"],"description":"","befores":[{"name":"ekamWebSetup","status":"broken","statusDetails":{"known":false,"muted":false,"flaky":false,"message":"Unable to create injector, see the following errors:\n\n1) [Guice/ErrorInCustomProvider]: SessionNotCreatedException: session not created: This version of ChromeDriver only supports Chrome version 114\nCurrent browser version is 116.0.5845.179 with binary path /Applications/Google Chrome.app/Contents/MacOS/Google Chrome\nBuild info: version: '3.141.59', revision: 'e82be7d358', time: '2018-11-14T08:17:03'\nSystem info: host: 'Testvagrants-MacBook-Pro.local', ip: 'fe80:0:0:0:1460:90d5:f4ce:70ba%en0', os.name: 'Mac OS X', os.arch: 'aarch64', os.version: '13.4.1', java.version: '13.0.14'\nDriver info: driver.version: ChromeDriver\nremote stacktrace: 0   chromedriver                        0x0000000104da56b8 chromedriver + 4937400\n1   chromedriver                        0x0000000104d9cb73 chromedriver + 4901747\n2   chromedriver                        0x000000010495a616 chromedriver + 435734\n3   chromedriver                        0x000000010498cd10 chromedriver + 642320\n4   chromedriver                        0x000000010498818a chromedriver + 622986\n5   chromedriver                        0x000000010498467c chromedriver + 607868\n6   chromedriver                        0x00000001049cba08 chromedriver + 899592\n7   chromedriver                        0x00000001049caebf chromedriver + 896703\n8   chromedriver                        0x00000001049c1de3 chromedriver + 859619\n9   chromedriver                        0x000000010498fd7f chromedriver + 654719\n10  chromedriver                        0x00000001049910de chromedriver + 659678\n11  chromedriver                        0x0000000104d612ad chromedriver + 4657837\n12  chromedriver                        0x0000000104d66130 chromedriver + 4677936\n13  chromedriver                        0x0000000104d6cdef chromedriver + 4705775\n14  chromedriver                        0x0000000104d6705a chromedriver + 4681818\n15  chromedriver                        0x0000000104d3992c chromedriver + 4495660\n16  chromedriver                        0x0000000104d84838 chromedriver + 4802616\n17  chromedriver                        0x0000000104d849b7 chromedriver + 4802999\n18  chromedriver                        0x0000000104d9599f chromedriver + 4872607\n19  libsystem_pthread.dylib             0x00007ff80be4b1d3 _pthread_start + 125\n20  libsystem_pthread.dylib             0x00007ff80be46bd3 thread_start + 15\n\n  while locating WebDriverProvider\n  at WebModule.configure(WebModule.java:11)\n  while locating WebDriver\n\nLearn more:\n  https://github.com/google/guice/wiki/ERROR_IN_CUSTOM_PROVIDER\n\n1 error\n\n======================\nFull classname legend:\n======================\nSessionNotCreatedException: \"org.openqa.selenium.SessionNotCreatedException\"\nWebDriver:                  \"org.openqa.selenium.WebDriver\"\nWebDriverProvider:          \"com.testvagrant.ekam.web.providers.WebDriverProvider\"\nWebModule:                  \"com.testvagrant.ekam.web.modules.WebModule\"\n========================\nEnd of classname legend:\n========================\n","trace":"com.google.inject.CreationException: Unable to create injector, see the following errors:\n\n1) [Guice/ErrorInCustomProvider]: SessionNotCreatedException: session not created: This version of ChromeDriver only supports Chrome version 114\nCurrent browser version is 116.0.5845.179 with binary path /Applications/Google Chrome.app/Contents/MacOS/Google Chrome\nBuild info: version: '3.141.59', revision: 'e82be7d358', time: '2018-11-14T08:17:03'\nSystem info: host: 'Testvagrants-MacBook-Pro.local', ip: 'fe80:0:0:0:1460:90d5:f4ce:70ba%en0', os.name: 'Mac OS X', os.arch: 'aarch64', os.version: '13.4.1', java.version: '13.0.14'\nDriver info: driver.version: ChromeDriver\nremote stacktrace: 0   chromedriver                        0x0000000104da56b8 chromedriver + 4937400\n1   chromedriver                        0x0000000104d9cb73 chromedriver + 4901747\n2   chromedriver                        0x000000010495a616 chromedriver + 435734\n3   chromedriver                        0x000000010498cd10 chromedriver + 642320\n4   chromedriver                        0x000000010498818a chromedriver + 622986\n5   chromedriver                        0x000000010498467c chromedriver + 607868\n6   chromedriver                        0x00000001049cba08 chromedriver + 899592\n7   chromedriver                        0x00000001049caebf chromedriver + 896703\n8   chromedriver                        0x00000001049c1de3 chromedriver + 859619\n9   chromedriver                        0x000000010498fd7f chromedriver + 654719\n10  chromedriver                        0x00000001049910de chromedriver + 659678\n11  chromedriver                        0x0000000104d612ad chromedriver + 4657837\n12  chromedriver                        0x0000000104d66130 chromedriver + 4677936\n13  chromedriver                        0x0000000104d6cdef chromedriver + 4705775\n14  chromedriver                        0x0000000104d6705a chromedriver + 4681818\n15  chromedriver                        0x0000000104d3992c chromedriver + 4495660\n16  chromedriver                        0x0000000104d84838 chromedriver + 4802616\n17  chromedriver                        0x0000000104d849b7 chromedriver + 4802999\n18  chromedriver                        0x0000000104d9599f chromedriver + 4872607\n19  libsystem_pthread.dylib             0x00007ff80be4b1d3 _pthread_start + 125\n20  libsystem_pthread.dylib             0x00007ff80be46bd3 thread_start + 15\n\n  while locating WebDriverProvider\n  at WebModule.configure(WebModule.java:11)\n  while locating WebDriver\n\nLearn more:\n  https://github.com/google/guice/wiki/ERROR_IN_CUSTOM_PROVIDER\n\n1 error\n\n======================\nFull classname legend:\n======================\nSessionNotCreatedException: \"org.openqa.selenium.SessionNotCreatedException\"\nWebDriver:                  \"org.openqa.selenium.WebDriver\"\nWebDriverProvider:          \"com.testvagrant.ekam.web.providers.WebDriverProvider\"\nWebModule:                  \"com.testvagrant.ekam.web.modules.WebModule\"\n========================\nEnd of classname legend:\n========================\n\n\tat com.google.inject.internal.Errors.throwCreationExceptionIfErrorsExist(Errors.java:568)\n\tat com.google.inject.internal.InternalInjectorCreator.injectDynamically(InternalInjectorCreator.java:190)\n\tat com.google.inject.internal.InternalInjectorCreator.build(InternalInjectorCreator.java:113)\n\tat com.google.inject.internal.InjectorImpl.createChildInjector(InjectorImpl.java:239)\n\tat com.testvagrant.ekam.internal.injectors.EkamInjector.createInjector(EkamInjector.java:52)\n\tat com.testvagrant.ekam.internal.injectors.EkamWebInjector.create(EkamWebInjector.java:20)\n\tat com.testvagrant.ekam.testBases.testng.WebTest.ekamWebSetup(WebTest.java:39)\n\tat java.base/jdk.internal.reflect.NativeMethodAccessorImpl.invoke0(Native Method)\n\tat java.base/jdk.internal.reflect.NativeMethodAccessorImpl.invoke(NativeMethodAccessorImpl.java:62)\n\tat java.base/jdk.internal.reflect.DelegatingMethodAccessorImpl.invoke(DelegatingMethodAccessorImpl.java:43)\n\tat java.base/java.lang.reflect.Method.invoke(Method.java:567)\n\tat org.testng.internal.MethodInvocationHelper.invokeMethod(MethodInvocationHelper.java:133)\n\tat org.testng.internal.MethodInvocationHelper.invokeMethodConsideringTimeout(MethodInvocationHelper.java:62)\n\tat org.testng.internal.ConfigInvoker.invokeConfigurationMethod(ConfigInvoker.java:385)\n\tat org.testng.internal.ConfigInvoker.invokeConfigurations(ConfigInvoker.java:321)\n\tat org.testng.internal.TestInvoker.runConfigMethods(TestInvoker.java:700)\n\tat org.testng.internal.TestInvoker.invokeMethod(TestInvoker.java:527)\n\tat org.testng.internal.TestInvoker.invokeTestMethod(TestInvoker.java:173)\n\tat org.testng.internal.MethodRunner.runInSequence(MethodRunner.java:46)\n\tat org.testng.internal.TestInvoker$MethodInvocationAgent.invoke(TestInvoker.java:824)\n\tat org.testng.internal.TestInvoker.invokeTestMethods(TestInvoker.java:146)\n\tat org.testng.internal.TestMethodWorker.invokeTestMethods(TestMethodWorker.java:146)\n\tat org.testng.internal.TestMethodWorker.run(TestMethodWorker.java:128)\n\tat java.base/java.util.ArrayList.forEach(ArrayList.java:1508)\n\tat org.testng.TestRunner.privateRun(TestRunner.java:794)\n\tat org.testng.TestRunner.run(TestRunner.java:596)\n\tat org.testng.SuiteRunner.runTest(SuiteRunner.java:377)\n\tat org.testng.SuiteRunner.runSequentially(SuiteRunner.java:371)\n\tat org.testng.SuiteRunner.privateRun(SuiteRunner.java:332)\n\tat org.testng.SuiteRunner.run(SuiteRunner.java:276)\n\tat org.testng.SuiteRunnerWorker.runSuite(SuiteRunnerWorker.java:53)\n\tat org.testng.SuiteRunnerWorker.run(SuiteRunnerWorker.java:96)\n\tat org.testng.TestNG.runSuitesSequentially(TestNG.java:1212)\n\tat org.testng.TestNG.runSuitesLocally(TestNG.java:1134)\n\tat org.testng.TestNG.runSuites(TestNG.java:1063)\n\tat org.testng.TestNG.run(TestNG.java:1031)\n\tat com.intellij.rt.testng.IDEARemoteTestNG.run(IDEARemoteTestNG.java:66)\n\tat com.intellij.rt.testng.RemoteTestNGStarter.main(RemoteTestNGStarter.java:109)\nCaused by: org.openqa.selenium.SessionNotCreatedException: session not created: This version of ChromeDriver only supports Chrome version 114\nCurrent browser version is 116.0.5845.179 with binary path /Applications/Google Chrome.app/Contents/MacOS/Google Chrome\nBuild info: version: '3.141.59', revision: 'e82be7d358', time: '2018-11-14T08:17:03'\nSystem info: host: 'Testvagrants-MacBook-Pro.local', ip: 'fe80:0:0:0:1460:90d5:f4ce:70ba%en0', os.name: 'Mac OS X', os.arch: 'aarch64', os.version: '13.4.1', java.version: '13.0.14'\nDriver info: driver.version: ChromeDriver\nremote stacktrace: 0   chromedriver                        0x0000000104da56b8 chromedriver + 4937400\n1   chromedriver                        0x0000000104d9cb73 chromedriver + 4901747\n2   chromedriver                        0x000000010495a616 chromedriver + 435734\n3   chromedriver                        0x000000010498cd10 chromedriver + 642320\n4   chromedriver                        0x000000010498818a chromedriver + 622986\n5   chromedriver                        0x000000010498467c chromedriver + 607868\n6   chromedriver                        0x00000001049cba08 chromedriver + 899592\n7   chromedriver                        0x00000001049caebf chromedriver + 896703\n8   chromedriver                        0x00000001049c1de3 chromedriver + 859619\n9   chromedriver                        0x000000010498fd7f chromedriver + 654719\n10  chromedriver                        0x00000001049910de chromedriver + 659678\n11  chromedriver                        0x0000000104d612ad chromedriver + 4657837\n12  chromedriver                        0x0000000104d66130 chromedriver + 4677936\n13  chromedriver                        0x0000000104d6cdef chromedriver + 4705775\n14  chromedriver                        0x0000000104d6705a chromedriver + 4681818\n15  chromedriver                        0x0000000104d3992c chromedriver + 4495660\n16  chromedriver                        0x0000000104d84838 chromedriver + 4802616\n17  chromedriver                        0x0000000104d849b7 chromedriver + 4802999\n18  chromedriver                        0x0000000104d9599f chromedriver + 4872607\n19  libsystem_pthread.dylib             0x00007ff80be4b1d3 _pthread_start + 125\n20  libsystem_pthread.dylib             0x00007ff80be46bd3 thread_start + 15\n\n\tat java.base/jdk.internal.reflect.NativeConstructorAccessorImpl.newInstance0(Native Method)\n\tat java.base/jdk.internal.reflect.NativeConstructorAccessorImpl.newInstance(NativeConstructorAccessorImpl.java:62)\n\tat java.base/jdk.internal.reflect.DelegatingConstructorAccessorImpl.newInstance(DelegatingConstructorAccessorImpl.java:45)\n\tat java.base/java.lang.reflect.Constructor.newInstanceWithCaller(Constructor.java:500)\n\tat java.base/java.lang.reflect.Constructor.newInstance(Constructor.java:481)\n\tat org.openqa.selenium.remote.W3CHandshakeResponse.lambda$errorHandler$0(W3CHandshakeResponse.java:62)\n\tat org.openqa.selenium.remote.HandshakeResponse.lambda$getResponseFunction$0(HandshakeResponse.java:30)\n\tat org.openqa.selenium.remote.ProtocolHandshake.lambda$createSession$0(ProtocolHandshake.java:126)\n\tat java.base/java.util.stream.ReferencePipeline$3$1.accept(ReferencePipeline.java:195)\n\tat java.base/java.util.Spliterators$ArraySpliterator.tryAdvance(Spliterators.java:958)\n\tat java.base/java.util.stream.ReferencePipeline.forEachWithCancel(ReferencePipeline.java:127)\n\tat java.base/java.util.stream.AbstractPipeline.copyIntoWithCancel(AbstractPipeline.java:502)\n\tat java.base/java.util.stream.AbstractPipeline.copyInto(AbstractPipeline.java:488)\n\tat java.base/java.util.stream.AbstractPipeline.wrapAndCopyInto(AbstractPipeline.java:474)\n\tat java.base/java.util.stream.FindOps$FindOp.evaluateSequential(FindOps.java:150)\n\tat java.base/java.util.stream.AbstractPipeline.evaluate(AbstractPipeline.java:234)\n\tat java.base/java.util.stream.ReferencePipeline.findFirst(ReferencePipeline.java:543)\n\tat org.openqa.selenium.remote.ProtocolHandshake.createSession(ProtocolHandshake.java:128)\n\tat org.openqa.selenium.remote.ProtocolHandshake.createSession(ProtocolHandshake.java:74)\n\tat org.openqa.selenium.remote.HttpCommandExecutor.execute(HttpCommandExecutor.java:136)\n\tat org.openqa.selenium.remote.service.DriverCommandExecutor.execute(DriverCommandExecutor.java:83)\n\tat org.openqa.selenium.remote.RemoteWebDriver.execute(RemoteWebDriver.java:552)\n\tat org.openqa.selenium.remote.RemoteWebDriver.startSession(RemoteWebDriver.java:213)\n\tat org.openqa.selenium.remote.RemoteWebDriver.<init>(RemoteWebDriver.java:131)\n\tat org.openqa.selenium.chrome.ChromeDriver.<init>(ChromeDriver.java:181)\n\tat org.openqa.selenium.chrome.ChromeDriver.<init>(ChromeDriver.java:168)\n\tat org.openqa.selenium.chrome.ChromeDriver.<init>(ChromeDriver.java:157)\n\tat com.testvagrant.ekam.drivers.web.ChromeDriverManager.createDriver(ChromeDriverManager.java:24)\n\tat com.testvagrant.ekam.drivers.web.LocalDriverManager.createDriver(LocalDriverManager.java:27)\n\tat com.testvagrant.ekam.drivers.web.DriverManager.launchDriver(DriverManager.java:16)\n\tat com.testvagrant.ekam.drivers.web.LocalDriverManager.launchDriver(LocalDriverManager.java:7)\n\tat com.testvagrant.ekam.web.providers.WebDriverProvider.get(WebDriverProvider.java:39)\n\tat com.testvagrant.ekam.web.providers.WebDriverProvider.get(WebDriverProvider.java:27)\n\tat com.google.inject.internal.ProviderInternalFactory.provision(ProviderInternalFactory.java:86)\n\tat com.google.inject.internal.BoundProviderFactory.provision(BoundProviderFactory.java:72)\n\tat com.google.inject.internal.ProviderInternalFactory.circularGet(ProviderInternalFactory.java:60)\n\tat com.google.inject.internal.BoundProviderFactory.get(BoundProviderFactory.java:59)\n\tat com.google.inject.internal.ProviderToInternalFactoryAdapter.get(ProviderToInternalFactoryAdapter.java:40)\n\tat com.google.inject.internal.SingletonScope$1.get(SingletonScope.java:169)\n\tat com.google.inject.internal.InternalFactoryToProviderAdapter.get(InternalFactoryToProviderAdapter.java:45)\n\tat com.google.inject.internal.InternalInjectorCreator.loadEagerSingletons(InternalInjectorCreator.java:213)\n\tat com.google.inject.internal.InternalInjectorCreator.injectDynamically(InternalInjectorCreator.java:186)\n\t... 36 more\n"},"stage":"finished","description":"","steps":[],"attachments":[],"parameters":[],"start":1694583376762,"stop":1694583387959}],"afters":[],"start":1694583376762,"stop":1694583387960}